2011-11-16 14:48:05 - 读入文件： E:\元器件资料\相关公司产品\TB\发资料\发客户资料\NRF24LE1\NRF24LE1资料(云佳）\NRF24LE1资料\RFID发射\nRF24LE1.hex
2011-11-16 14:48:05 - 文件长度：0x0265 = 613 字节 
2011-11-16 14:48:08 - Unique ID: 
2011-11-16 14:48:08 -  5A 5A 43 30 42 35 32 31 05 28 37 FF FF FF FF FF
2011-11-16 14:48:08 - CHIPID: 
2011-11-16 14:48:08 - FF FF FF FF FF 
2011-11-16 14:48:08 - Infopage: 
2011-11-16 14:48:08 - 0x20: FF (NUPP)
2011-11-16 14:48:08 - 0x21: FF (DAEN)
2011-11-16 14:48:08 - 0x22: FF (RDISIP)
2011-11-16 14:48:08 - 0x23: FF (RDISMB)
2011-11-16 14:48:08 - 0x24: FF (ENDEBUG)
2011-11-16 14:48:08 - 擦除器件...
2011-11-16 14:48:08 - 擦除器件.........完成
2011-11-16 14:48:08 - Unique ID: 
2011-11-16 14:48:08 -  5A 5A 43 30 42 35 32 31 05 28 37 FF FF FF FF FF
2011-11-16 14:48:08 - CHIPID: 
2011-11-16 14:48:08 - FF FF FF FF FF 
2011-11-16 14:48:08 - Infopage: 
2011-11-16 14:48:08 - 0x20: FF (NUPP)
2011-11-16 14:48:08 - 0x21: FF (DAEN)
2011-11-16 14:48:08 - 0x22: FF (RDISIP)
2011-11-16 14:48:08 - 0x23: FF (RDISMB)
2011-11-16 14:48:08 - 0x24: FF (ENDEBUG)
2011-11-16 14:48:08 - 编程器件...
2011-11-16 14:48:08 - 编程器件.........完成
2011-11-16 14:48:08 - 效验器件...
2011-11-16 14:48:08 - 效验器件.........OK
2011-11-16 14:48:13 - 读信息页...
2011-11-16 14:48:13 - Unique ID: 
2011-11-16 14:48:13 -  5A 5A 43 30 42 35 32 31 05 28 37 FF FF FF FF FF
2011-11-16 14:48:13 - CHIPID: 
2011-11-16 14:48:13 - FF FF FF FF FF 
2011-11-16 14:48:13 - Infopage: 
2011-11-16 14:48:13 - 0x20: FF (NUPP)
2011-11-16 14:48:13 - 0x21: FF (DAEN)
2011-11-16 14:48:13 - 0x22: FF (RDISIP)
2011-11-16 14:48:13 - 0x23: FF (RDISMB)
2011-11-16 14:48:13 - 0x24: FF (ENDEBUG)
2011-11-16 14:48:13 - 读信息页.........完成
2011-11-16 14:48:13 - 读器件...
2011-11-16 14:48:15 - 读器件.........完成
2011-11-16 14:48:32 - Unique ID: 
2011-11-16 14:48:32 -  5A 5A 43 30 42 35 32 31 05 28 37 FF FF FF FF FF
2011-11-16 14:48:32 - CHIPID: 
2011-11-16 14:48:32 - FF FF FF FF FF 
2011-11-16 14:48:32 - Infopage: 
2011-11-16 14:48:32 - 0x20: FF (NUPP)
2011-11-16 14:48:32 - 0x21: FF (DAEN)
2011-11-16 14:48:32 - 0x22: FF (RDISIP)
2011-11-16 14:48:32 - 0x23: FF (RDISMB)
2011-11-16 14:48:32 - 0x24: FF (ENDEBUG)
2011-11-16 14:48:32 - 效验器件...
2011-11-16 14:48:33 - 效验器件.........OK
2011-11-16 14:48:57 - 设备被移除
